[INFO ] 2018-06-18 00:38:20 [main] o.s.t.c.s.DefaultTestContextBootstrapper - Loaded default TestExecutionListener class names from location [META-INF/spring.factories]: [org.springframework.test.context.web.ServletTestExecutionListener, org.springframework.test.context.support.DirtiesContextBeforeModesTestExecutionListener, org.springframework.test.context.support.DependencyInjectionTestExecutionListener, org.springframework.test.context.support.DirtiesContextTestExecutionListener, org.springframework.test.context.transaction.TransactionalTestExecutionListener, org.springframework.test.context.jdbc.SqlScriptsTestExecutionListener]
[INFO ] 2018-06-18 00:38:20 [main] o.s.t.c.s.DefaultTestContextBootstrapper - Using TestExecutionListeners: [org.springframework.test.context.web.ServletTestExecutionListener@4e4aea35, org.springframework.test.context.support.DirtiesContextBeforeModesTestExecutionListener@1442d7b5, org.springframework.test.context.support.DependencyInjectionTestExecutionListener@1efee8e7, org.springframework.test.context.support.DirtiesContextTestExecutionListener@1ee807c6, org.springframework.test.context.transaction.TransactionalTestExecutionListener@76a4d6c, org.springframework.test.context.jdbc.SqlScriptsTestExecutionListener@517cd4b]
[INFO ] 2018-06-18 00:38:20 [main] o.s.b.f.xml.XmlBeanDefinitionReader - Loading XML bean definitions from class path resource [ApplicationContext.xml]
[INFO ] 2018-06-18 00:38:20 [main] o.s.c.s.GenericApplicationContext - Refreshing org.springframework.context.support.GenericApplicationContext@1b68b9a4: startup date [Mon Jun 18 00:38:22 CST 2018]; root of context hierarchy
[INFO ] 2018-06-18 00:38:20 [main] c.alibaba.druid.pool.DruidDataSource - {dataSource-1} inited
[INFO ] 2018-06-18 00:38:20 [Thread-1] o.s.c.s.GenericApplicationContext - Closing org.springframework.context.support.GenericApplicationContext@1b68b9a4: startup date [Mon Jun 18 00:38:22 CST 2018]; root of context hierarchy
[INFO ] 2018-06-18 00:38:20 [Thread-1] c.alibaba.druid.pool.DruidDataSource - {dataSource-1} closed
[INFO ] 2018-06-18 13:53:20 [main] o.s.t.c.s.DefaultTestContextBootstrapper - Loaded default TestExecutionListener class names from location [META-INF/spring.factories]: [org.springframework.test.context.web.ServletTestExecutionListener, org.springframework.test.context.support.DirtiesContextBeforeModesTestExecutionListener, org.springframework.test.context.support.DependencyInjectionTestExecutionListener, org.springframework.test.context.support.DirtiesContextTestExecutionListener, org.springframework.test.context.transaction.TransactionalTestExecutionListener, org.springframework.test.context.jdbc.SqlScriptsTestExecutionListener]
[INFO ] 2018-06-18 13:53:20 [main] o.s.t.c.s.DefaultTestContextBootstrapper - Using TestExecutionListeners: [org.springframework.test.context.web.ServletTestExecutionListener@1442d7b5, org.springframework.test.context.support.DirtiesContextBeforeModesTestExecutionListener@1efee8e7, org.springframework.test.context.support.DependencyInjectionTestExecutionListener@1ee807c6, org.springframework.test.context.support.DirtiesContextTestExecutionListener@76a4d6c, org.springframework.test.context.transaction.TransactionalTestExecutionListener@517cd4b, org.springframework.test.context.jdbc.SqlScriptsTestExecutionListener@6cc7b4de]
[INFO ] 2018-06-18 13:53:20 [main] o.s.b.f.xml.XmlBeanDefinitionReader - Loading XML bean definitions from class path resource [ApplicationContext.xml]
[INFO ] 2018-06-18 13:53:20 [main] o.s.c.s.GenericApplicationContext - Refreshing org.springframework.context.support.GenericApplicationContext@4f9a3314: startup date [Mon Jun 18 13:53:23 CST 2018]; root of context hierarchy
[INFO ] 2018-06-18 13:53:20 [main] c.alibaba.druid.pool.DruidDataSource - {dataSource-1} inited
[INFO ] 2018-06-18 13:53:20 [main] o.s.b.f.xml.XmlBeanDefinitionReader - Loading XML bean definitions from class path resource [org/springframework/jdbc/support/sql-error-codes.xml]
[INFO ] 2018-06-18 13:53:20 [main] o.s.j.support.SQLErrorCodesFactory - SQLErrorCodes loaded: [DB2, Derby, H2, HDB, HSQL, Informix, MS-SQL, MySQL, Oracle, PostgreSQL, Sybase]
[INFO ] 2018-06-18 13:53:20 [Thread-1] o.s.c.s.GenericApplicationContext - Closing org.springframework.context.support.GenericApplicationContext@4f9a3314: startup date [Mon Jun 18 13:53:23 CST 2018]; root of context hierarchy
[INFO ] 2018-06-18 13:53:20 [Thread-1] c.alibaba.druid.pool.DruidDataSource - {dataSource-1} closed
[INFO ] 2018-06-18 14:03:44 [main] o.s.t.c.s.DefaultTestContextBootstrapper - Loaded default TestExecutionListener class names from location [META-INF/spring.factories]: [org.springframework.test.context.web.ServletTestExecutionListener, org.springframework.test.context.support.DirtiesContextBeforeModesTestExecutionListener, org.springframework.test.context.support.DependencyInjectionTestExecutionListener, org.springframework.test.context.support.DirtiesContextTestExecutionListener, org.springframework.test.context.transaction.TransactionalTestExecutionListener, org.springframework.test.context.jdbc.SqlScriptsTestExecutionListener]
[INFO ] 2018-06-18 14:03:44 [main] o.s.t.c.s.DefaultTestContextBootstrapper - Using TestExecutionListeners: [org.springframework.test.context.web.ServletTestExecutionListener@1442d7b5, org.springframework.test.context.support.DirtiesContextBeforeModesTestExecutionListener@1efee8e7, org.springframework.test.context.support.DependencyInjectionTestExecutionListener@1ee807c6, org.springframework.test.context.support.DirtiesContextTestExecutionListener@76a4d6c, org.springframework.test.context.transaction.TransactionalTestExecutionListener@517cd4b, org.springframework.test.context.jdbc.SqlScriptsTestExecutionListener@6cc7b4de]
[INFO ] 2018-06-18 14:03:44 [main] o.s.b.f.xml.XmlBeanDefinitionReader - Loading XML bean definitions from class path resource [ApplicationContext.xml]
[INFO ] 2018-06-18 14:03:44 [main] o.s.c.s.GenericApplicationContext - Refreshing org.springframework.context.support.GenericApplicationContext@4f9a3314: startup date [Mon Jun 18 14:03:45 CST 2018]; root of context hierarchy
[INFO ] 2018-06-18 14:03:44 [main] c.alibaba.druid.pool.DruidDataSource - {dataSource-1} inited
[INFO ] 2018-06-18 14:03:44 [main] o.s.b.f.xml.XmlBeanDefinitionReader - Loading XML bean definitions from class path resource [org/springframework/jdbc/support/sql-error-codes.xml]
[INFO ] 2018-06-18 14:03:44 [main] o.s.j.support.SQLErrorCodesFactory - SQLErrorCodes loaded: [DB2, Derby, H2, HDB, HSQL, Informix, MS-SQL, MySQL, Oracle, PostgreSQL, Sybase]
[INFO ] 2018-06-18 14:03:44 [Thread-1] o.s.c.s.GenericApplicationContext - Closing org.springframework.context.support.GenericApplicationContext@4f9a3314: startup date [Mon Jun 18 14:03:45 CST 2018]; root of context hierarchy
[INFO ] 2018-06-18 14:03:44 [Thread-1] c.alibaba.druid.pool.DruidDataSource - {dataSource-1} closed
[INFO ] 2018-06-18 14:04:32 [main] o.s.t.c.s.DefaultTestContextBootstrapper - Loaded default TestExecutionListener class names from location [META-INF/spring.factories]: [org.springframework.test.context.web.ServletTestExecutionListener, org.springframework.test.context.support.DirtiesContextBeforeModesTestExecutionListener, org.springframework.test.context.support.DependencyInjectionTestExecutionListener, org.springframework.test.context.support.DirtiesContextTestExecutionListener, org.springframework.test.context.transaction.TransactionalTestExecutionListener, org.springframework.test.context.jdbc.SqlScriptsTestExecutionListener]
[INFO ] 2018-06-18 14:04:32 [main] o.s.t.c.s.DefaultTestContextBootstrapper - Using TestExecutionListeners: [org.springframework.test.context.web.ServletTestExecutionListener@1442d7b5, org.springframework.test.context.support.DirtiesContextBeforeModesTestExecutionListener@1efee8e7, org.springframework.test.context.support.DependencyInjectionTestExecutionListener@1ee807c6, org.springframework.test.context.support.DirtiesContextTestExecutionListener@76a4d6c, org.springframework.test.context.transaction.TransactionalTestExecutionListener@517cd4b, org.springframework.test.context.jdbc.SqlScriptsTestExecutionListener@6cc7b4de]
[INFO ] 2018-06-18 14:04:32 [main] o.s.b.f.xml.XmlBeanDefinitionReader - Loading XML bean definitions from class path resource [ApplicationContext.xml]
[INFO ] 2018-06-18 14:04:32 [main] o.s.c.s.GenericApplicationContext - Refreshing org.springframework.context.support.GenericApplicationContext@4f9a3314: startup date [Mon Jun 18 14:04:34 CST 2018]; root of context hierarchy
[INFO ] 2018-06-18 14:04:32 [main] c.alibaba.druid.pool.DruidDataSource - {dataSource-1} inited
[INFO ] 2018-06-18 14:04:32 [main] o.s.b.f.xml.XmlBeanDefinitionReader - Loading XML bean definitions from class path resource [org/springframework/jdbc/support/sql-error-codes.xml]
[INFO ] 2018-06-18 14:04:32 [main] o.s.j.support.SQLErrorCodesFactory - SQLErrorCodes loaded: [DB2, Derby, H2, HDB, HSQL, Informix, MS-SQL, MySQL, Oracle, PostgreSQL, Sybase]
[INFO ] 2018-06-18 14:04:32 [Thread-1] o.s.c.s.GenericApplicationContext - Closing org.springframework.context.support.GenericApplicationContext@4f9a3314: startup date [Mon Jun 18 14:04:34 CST 2018]; root of context hierarchy
[INFO ] 2018-06-18 14:04:32 [Thread-1] c.alibaba.druid.pool.DruidDataSource - {dataSource-1} closed
[INFO ] 2018-06-18 14:04:58 [main] o.s.t.c.s.DefaultTestContextBootstrapper - Loaded default TestExecutionListener class names from location [META-INF/spring.factories]: [org.springframework.test.context.web.ServletTestExecutionListener, org.springframework.test.context.support.DirtiesContextBeforeModesTestExecutionListener, org.springframework.test.context.support.DependencyInjectionTestExecutionListener, org.springframework.test.context.support.DirtiesContextTestExecutionListener, org.springframework.test.context.transaction.TransactionalTestExecutionListener, org.springframework.test.context.jdbc.SqlScriptsTestExecutionListener]
[INFO ] 2018-06-18 14:04:58 [main] o.s.t.c.s.DefaultTestContextBootstrapper - Using TestExecutionListeners: [org.springframework.test.context.web.ServletTestExecutionListener@1442d7b5, org.springframework.test.context.support.DirtiesContextBeforeModesTestExecutionListener@1efee8e7, org.springframework.test.context.support.DependencyInjectionTestExecutionListener@1ee807c6, org.springframework.test.context.support.DirtiesContextTestExecutionListener@76a4d6c, org.springframework.test.context.transaction.TransactionalTestExecutionListener@517cd4b, org.springframework.test.context.jdbc.SqlScriptsTestExecutionListener@6cc7b4de]
[INFO ] 2018-06-18 14:04:58 [main] o.s.b.f.xml.XmlBeanDefinitionReader - Loading XML bean definitions from class path resource [ApplicationContext.xml]
[INFO ] 2018-06-18 14:04:58 [main] o.s.c.s.GenericApplicationContext - Refreshing org.springframework.context.support.GenericApplicationContext@4f9a3314: startup date [Mon Jun 18 14:04:59 CST 2018]; root of context hierarchy
[INFO ] 2018-06-18 14:04:58 [main] c.alibaba.druid.pool.DruidDataSource - {dataSource-1} inited
[INFO ] 2018-06-18 14:04:58 [main] o.s.b.f.xml.XmlBeanDefinitionReader - Loading XML bean definitions from class path resource [org/springframework/jdbc/support/sql-error-codes.xml]
[INFO ] 2018-06-18 14:04:58 [main] o.s.j.support.SQLErrorCodesFactory - SQLErrorCodes loaded: [DB2, Derby, H2, HDB, HSQL, Informix, MS-SQL, MySQL, Oracle, PostgreSQL, Sybase]
[INFO ] 2018-06-18 14:04:58 [Thread-1] o.s.c.s.GenericApplicationContext - Closing org.springframework.context.support.GenericApplicationContext@4f9a3314: startup date [Mon Jun 18 14:04:59 CST 2018]; root of context hierarchy
[INFO ] 2018-06-18 14:04:58 [Thread-1] c.alibaba.druid.pool.DruidDataSource - {dataSource-1} closed
[INFO ] 2018-06-18 14:08:21 [main] o.s.t.c.s.DefaultTestContextBootstrapper - Loaded default TestExecutionListener class names from location [META-INF/spring.factories]: [org.springframework.test.context.web.ServletTestExecutionListener, org.springframework.test.context.support.DirtiesContextBeforeModesTestExecutionListener, org.springframework.test.context.support.DependencyInjectionTestExecutionListener, org.springframework.test.context.support.DirtiesContextTestExecutionListener, org.springframework.test.context.transaction.TransactionalTestExecutionListener, org.springframework.test.context.jdbc.SqlScriptsTestExecutionListener]
[INFO ] 2018-06-18 14:08:21 [main] o.s.t.c.s.DefaultTestContextBootstrapper - Using TestExecutionListeners: [org.springframework.test.context.web.ServletTestExecutionListener@1442d7b5, org.springframework.test.context.support.DirtiesContextBeforeModesTestExecutionListener@1efee8e7, org.springframework.test.context.support.DependencyInjectionTestExecutionListener@1ee807c6, org.springframework.test.context.support.DirtiesContextTestExecutionListener@76a4d6c, org.springframework.test.context.transaction.TransactionalTestExecutionListener@517cd4b, org.springframework.test.context.jdbc.SqlScriptsTestExecutionListener@6cc7b4de]
[INFO ] 2018-06-18 14:08:21 [main] o.s.b.f.xml.XmlBeanDefinitionReader - Loading XML bean definitions from class path resource [ApplicationContext.xml]
[INFO ] 2018-06-18 14:08:21 [main] o.s.c.s.GenericApplicationContext - Refreshing org.springframework.context.support.GenericApplicationContext@4f9a3314: startup date [Mon Jun 18 14:08:22 CST 2018]; root of context hierarchy
[INFO ] 2018-06-18 14:08:21 [main] c.alibaba.druid.pool.DruidDataSource - {dataSource-1} inited
[INFO ] 2018-06-18 14:08:21 [main] o.s.b.f.xml.XmlBeanDefinitionReader - Loading XML bean definitions from class path resource [org/springframework/jdbc/support/sql-error-codes.xml]
[INFO ] 2018-06-18 14:08:21 [main] o.s.j.support.SQLErrorCodesFactory - SQLErrorCodes loaded: [DB2, Derby, H2, HDB, HSQL, Informix, MS-SQL, MySQL, Oracle, PostgreSQL, Sybase]
[INFO ] 2018-06-18 14:08:21 [Thread-1] o.s.c.s.GenericApplicationContext - Closing org.springframework.context.support.GenericApplicationContext@4f9a3314: startup date [Mon Jun 18 14:08:22 CST 2018]; root of context hierarchy
[INFO ] 2018-06-18 14:08:21 [Thread-1] c.alibaba.druid.pool.DruidDataSource - {dataSource-1} closed
[INFO ] 2018-06-18 14:09:29 [main] o.s.t.c.s.DefaultTestContextBootstrapper - Loaded default TestExecutionListener class names from location [META-INF/spring.factories]: [org.springframework.test.context.web.ServletTestExecutionListener, org.springframework.test.context.support.DirtiesContextBeforeModesTestExecutionListener, org.springframework.test.context.support.DependencyInjectionTestExecutionListener, org.springframework.test.context.support.DirtiesContextTestExecutionListener, org.springframework.test.context.transaction.TransactionalTestExecutionListener, org.springframework.test.context.jdbc.SqlScriptsTestExecutionListener]
[INFO ] 2018-06-18 14:09:29 [main] o.s.t.c.s.DefaultTestContextBootstrapper - Using TestExecutionListeners: [org.springframework.test.context.web.ServletTestExecutionListener@1442d7b5, org.springframework.test.context.support.DirtiesContextBeforeModesTestExecutionListener@1efee8e7, org.springframework.test.context.support.DependencyInjectionTestExecutionListener@1ee807c6, org.springframework.test.context.support.DirtiesContextTestExecutionListener@76a4d6c, org.springframework.test.context.transaction.TransactionalTestExecutionListener@517cd4b, org.springframework.test.context.jdbc.SqlScriptsTestExecutionListener@6cc7b4de]
[INFO ] 2018-06-18 14:09:29 [main] o.s.b.f.xml.XmlBeanDefinitionReader - Loading XML bean definitions from class path resource [ApplicationContext.xml]
[INFO ] 2018-06-18 14:09:29 [main] o.s.c.s.GenericApplicationContext - Refreshing org.springframework.context.support.GenericApplicationContext@4f9a3314: startup date [Mon Jun 18 14:09:30 CST 2018]; root of context hierarchy
[INFO ] 2018-06-18 14:09:29 [main] c.alibaba.druid.pool.DruidDataSource - {dataSource-1} inited
[INFO ] 2018-06-18 14:09:29 [Thread-1] o.s.c.s.GenericApplicationContext - Closing org.springframework.context.support.GenericApplicationContext@4f9a3314: startup date [Mon Jun 18 14:09:30 CST 2018]; root of context hierarchy
[INFO ] 2018-06-18 14:09:29 [Thread-1] c.alibaba.druid.pool.DruidDataSource - {dataSource-1} closed
[INFO ] 2018-06-18 14:10:16 [main] o.s.t.c.s.DefaultTestContextBootstrapper - Loaded default TestExecutionListener class names from location [META-INF/spring.factories]: [org.springframework.test.context.web.ServletTestExecutionListener, org.springframework.test.context.support.DirtiesContextBeforeModesTestExecutionListener, org.springframework.test.context.support.DependencyInjectionTestExecutionListener, org.springframework.test.context.support.DirtiesContextTestExecutionListener, org.springframework.test.context.transaction.TransactionalTestExecutionListener, org.springframework.test.context.jdbc.SqlScriptsTestExecutionListener]
[INFO ] 2018-06-18 14:10:16 [main] o.s.t.c.s.DefaultTestContextBootstrapper - Using TestExecutionListeners: [org.springframework.test.context.web.ServletTestExecutionListener@1442d7b5, org.springframework.test.context.support.DirtiesContextBeforeModesTestExecutionListener@1efee8e7, org.springframework.test.context.support.DependencyInjectionTestExecutionListener@1ee807c6, org.springframework.test.context.support.DirtiesContextTestExecutionListener@76a4d6c, org.springframework.test.context.transaction.TransactionalTestExecutionListener@517cd4b, org.springframework.test.context.jdbc.SqlScriptsTestExecutionListener@6cc7b4de]
[INFO ] 2018-06-18 14:10:16 [main] o.s.b.f.xml.XmlBeanDefinitionReader - Loading XML bean definitions from class path resource [ApplicationContext.xml]
[INFO ] 2018-06-18 14:10:16 [main] o.s.c.s.GenericApplicationContext - Refreshing org.springframework.context.support.GenericApplicationContext@4f9a3314: startup date [Mon Jun 18 14:10:17 CST 2018]; root of context hierarchy
[INFO ] 2018-06-18 14:10:16 [main] c.alibaba.druid.pool.DruidDataSource - {dataSource-1} inited
[INFO ] 2018-06-18 14:10:16 [Thread-1] o.s.c.s.GenericApplicationContext - Closing org.springframework.context.support.GenericApplicationContext@4f9a3314: startup date [Mon Jun 18 14:10:17 CST 2018]; root of context hierarchy
[INFO ] 2018-06-18 14:10:16 [Thread-1] c.alibaba.druid.pool.DruidDataSource - {dataSource-1} closed
[INFO ] 2018-06-18 14:14:35 [main] o.s.t.c.s.DefaultTestContextBootstrapper - Loaded default TestExecutionListener class names from location [META-INF/spring.factories]: [org.springframework.test.context.web.ServletTestExecutionListener, org.springframework.test.context.support.DirtiesContextBeforeModesTestExecutionListener, org.springframework.test.context.support.DependencyInjectionTestExecutionListener, org.springframework.test.context.support.DirtiesContextTestExecutionListener, org.springframework.test.context.transaction.TransactionalTestExecutionListener, org.springframework.test.context.jdbc.SqlScriptsTestExecutionListener]
[INFO ] 2018-06-18 14:14:35 [main] o.s.t.c.s.DefaultTestContextBootstrapper - Using TestExecutionListeners: [org.springframework.test.context.web.ServletTestExecutionListener@1442d7b5, org.springframework.test.context.support.DirtiesContextBeforeModesTestExecutionListener@1efee8e7, org.springframework.test.context.support.DependencyInjectionTestExecutionListener@1ee807c6, org.springframework.test.context.support.DirtiesContextTestExecutionListener@76a4d6c, org.springframework.test.context.transaction.TransactionalTestExecutionListener@517cd4b, org.springframework.test.context.jdbc.SqlScriptsTestExecutionListener@6cc7b4de]
[INFO ] 2018-06-18 14:14:35 [main] o.s.b.f.xml.XmlBeanDefinitionReader - Loading XML bean definitions from class path resource [ApplicationContext.xml]
[INFO ] 2018-06-18 14:14:35 [main] o.s.c.s.GenericApplicationContext - Refreshing org.springframework.context.support.GenericApplicationContext@4f9a3314: startup date [Mon Jun 18 14:14:36 CST 2018]; root of context hierarchy
[INFO ] 2018-06-18 14:14:35 [main] c.alibaba.druid.pool.DruidDataSource - {dataSource-1} inited
[INFO ] 2018-06-18 14:14:35 [Thread-1] o.s.c.s.GenericApplicationContext - Closing org.springframework.context.support.GenericApplicationContext@4f9a3314: startup date [Mon Jun 18 14:14:36 CST 2018]; root of context hierarchy
[INFO ] 2018-06-18 14:14:35 [Thread-1] c.alibaba.druid.pool.DruidDataSource - {dataSource-1} closed
[INFO ] 2018-06-18 14:15:05 [main] o.s.t.c.s.DefaultTestContextBootstrapper - Loaded default TestExecutionListener class names from location [META-INF/spring.factories]: [org.springframework.test.context.web.ServletTestExecutionListener, org.springframework.test.context.support.DirtiesContextBeforeModesTestExecutionListener, org.springframework.test.context.support.DependencyInjectionTestExecutionListener, org.springframework.test.context.support.DirtiesContextTestExecutionListener, org.springframework.test.context.transaction.TransactionalTestExecutionListener, org.springframework.test.context.jdbc.SqlScriptsTestExecutionListener]
[INFO ] 2018-06-18 14:15:05 [main] o.s.t.c.s.DefaultTestContextBootstrapper - Using TestExecutionListeners: [org.springframework.test.context.web.ServletTestExecutionListener@1442d7b5, org.springframework.test.context.support.DirtiesContextBeforeModesTestExecutionListener@1efee8e7, org.springframework.test.context.support.DependencyInjectionTestExecutionListener@1ee807c6, org.springframework.test.context.support.DirtiesContextTestExecutionListener@76a4d6c, org.springframework.test.context.transaction.TransactionalTestExecutionListener@517cd4b, org.springframework.test.context.jdbc.SqlScriptsTestExecutionListener@6cc7b4de]
[INFO ] 2018-06-18 14:15:05 [main] o.s.b.f.xml.XmlBeanDefinitionReader - Loading XML bean definitions from class path resource [ApplicationContext.xml]
[INFO ] 2018-06-18 14:15:05 [main] o.s.c.s.GenericApplicationContext - Refreshing org.springframework.context.support.GenericApplicationContext@4f9a3314: startup date [Mon Jun 18 14:15:06 CST 2018]; root of context hierarchy
[INFO ] 2018-06-18 14:15:05 [main] c.alibaba.druid.pool.DruidDataSource - {dataSource-1} inited
[INFO ] 2018-06-18 14:15:05 [main] o.s.b.f.xml.XmlBeanDefinitionReader - Loading XML bean definitions from class path resource [org/springframework/jdbc/support/sql-error-codes.xml]
[INFO ] 2018-06-18 14:15:05 [main] o.s.j.support.SQLErrorCodesFactory - SQLErrorCodes loaded: [DB2, Derby, H2, HDB, HSQL, Informix, MS-SQL, MySQL, Oracle, PostgreSQL, Sybase]
[INFO ] 2018-06-18 14:15:05 [Thread-1] o.s.c.s.GenericApplicationContext - Closing org.springframework.context.support.GenericApplicationContext@4f9a3314: startup date [Mon Jun 18 14:15:06 CST 2018]; root of context hierarchy
[INFO ] 2018-06-18 14:15:05 [Thread-1] c.alibaba.druid.pool.DruidDataSource - {dataSource-1} closed
[INFO ] 2018-06-18 14:27:54 [main] o.s.t.c.s.DefaultTestContextBootstrapper - Loaded default TestExecutionListener class names from location [META-INF/spring.factories]: [org.springframework.test.context.web.ServletTestExecutionListener, org.springframework.test.context.support.DirtiesContextBeforeModesTestExecutionListener, org.springframework.test.context.support.DependencyInjectionTestExecutionListener, org.springframework.test.context.support.DirtiesContextTestExecutionListener, org.springframework.test.context.transaction.TransactionalTestExecutionListener, org.springframework.test.context.jdbc.SqlScriptsTestExecutionListener]
[INFO ] 2018-06-18 14:27:54 [main] o.s.t.c.s.DefaultTestContextBootstrapper - Using TestExecutionListeners: [org.springframework.test.context.web.ServletTestExecutionListener@1442d7b5, org.springframework.test.context.support.DirtiesContextBeforeModesTestExecutionListener@1efee8e7, org.springframework.test.context.support.DependencyInjectionTestExecutionListener@1ee807c6, org.springframework.test.context.support.DirtiesContextTestExecutionListener@76a4d6c, org.springframework.test.context.transaction.TransactionalTestExecutionListener@517cd4b, org.springframework.test.context.jdbc.SqlScriptsTestExecutionListener@6cc7b4de]
[INFO ] 2018-06-18 14:27:54 [main] o.s.b.f.xml.XmlBeanDefinitionReader - Loading XML bean definitions from class path resource [ApplicationContext.xml]
[INFO ] 2018-06-18 14:27:54 [main] o.s.c.s.GenericApplicationContext - Refreshing org.springframework.context.support.GenericApplicationContext@4f9a3314: startup date [Mon Jun 18 14:27:55 CST 2018]; root of context hierarchy
[INFO ] 2018-06-18 14:27:54 [main] c.alibaba.druid.pool.DruidDataSource - {dataSource-1} inited
[INFO ] 2018-06-18 14:27:54 [main] o.s.b.f.xml.XmlBeanDefinitionReader - Loading XML bean definitions from class path resource [org/springframework/jdbc/support/sql-error-codes.xml]
[INFO ] 2018-06-18 14:27:54 [main] o.s.j.support.SQLErrorCodesFactory - SQLErrorCodes loaded: [DB2, Derby, H2, HDB, HSQL, Informix, MS-SQL, MySQL, Oracle, PostgreSQL, Sybase]
[INFO ] 2018-06-18 14:27:54 [Thread-1] o.s.c.s.GenericApplicationContext - Closing org.springframework.context.support.GenericApplicationContext@4f9a3314: startup date [Mon Jun 18 14:27:55 CST 2018]; root of context hierarchy
[INFO ] 2018-06-18 14:27:54 [Thread-1] c.alibaba.druid.pool.DruidDataSource - {dataSource-1} closed
[INFO ] 2018-06-18 14:28:22 [main] o.s.t.c.s.DefaultTestContextBootstrapper - Loaded default TestExecutionListener class names from location [META-INF/spring.factories]: [org.springframework.test.context.web.ServletTestExecutionListener, org.springframework.test.context.support.DirtiesContextBeforeModesTestExecutionListener, org.springframework.test.context.support.DependencyInjectionTestExecutionListener, org.springframework.test.context.support.DirtiesContextTestExecutionListener, org.springframework.test.context.transaction.TransactionalTestExecutionListener, org.springframework.test.context.jdbc.SqlScriptsTestExecutionListener]
[INFO ] 2018-06-18 14:28:22 [main] o.s.t.c.s.DefaultTestContextBootstrapper - Using TestExecutionListeners: [org.springframework.test.context.web.ServletTestExecutionListener@1442d7b5, org.springframework.test.context.support.DirtiesContextBeforeModesTestExecutionListener@1efee8e7, org.springframework.test.context.support.DependencyInjectionTestExecutionListener@1ee807c6, org.springframework.test.context.support.DirtiesContextTestExecutionListener@76a4d6c, org.springframework.test.context.transaction.TransactionalTestExecutionListener@517cd4b, org.springframework.test.context.jdbc.SqlScriptsTestExecutionListener@6cc7b4de]
[INFO ] 2018-06-18 14:28:22 [main] o.s.b.f.xml.XmlBeanDefinitionReader - Loading XML bean definitions from class path resource [ApplicationContext.xml]
[INFO ] 2018-06-18 14:28:22 [main] o.s.c.s.GenericApplicationContext - Refreshing org.springframework.context.support.GenericApplicationContext@4f9a3314: startup date [Mon Jun 18 14:28:24 CST 2018]; root of context hierarchy
[INFO ] 2018-06-18 14:28:22 [main] c.alibaba.druid.pool.DruidDataSource - {dataSource-1} inited
[INFO ] 2018-06-18 14:28:22 [Thread-1] o.s.c.s.GenericApplicationContext - Closing org.springframework.context.support.GenericApplicationContext@4f9a3314: startup date [Mon Jun 18 14:28:24 CST 2018]; root of context hierarchy
[INFO ] 2018-06-18 14:28:22 [Thread-1] c.alibaba.druid.pool.DruidDataSource - {dataSource-1} closed
[INFO ] 2018-06-18 17:15:54 [main] o.s.t.c.s.DefaultTestContextBootstrapper - Loaded default TestExecutionListener class names from location [META-INF/spring.factories]: [org.springframework.test.context.web.ServletTestExecutionListener, org.springframework.test.context.support.DirtiesContextBeforeModesTestExecutionListener, org.springframework.test.context.support.DependencyInjectionTestExecutionListener, org.springframework.test.context.support.DirtiesContextTestExecutionListener, org.springframework.test.context.transaction.TransactionalTestExecutionListener, org.springframework.test.context.jdbc.SqlScriptsTestExecutionListener]
[INFO ] 2018-06-18 17:15:54 [main] o.s.t.c.s.DefaultTestContextBootstrapper - Using TestExecutionListeners: [org.springframework.test.context.web.ServletTestExecutionListener@1ee807c6, org.springframework.test.context.support.DirtiesContextBeforeModesTestExecutionListener@76a4d6c, org.springframework.test.context.support.DependencyInjectionTestExecutionListener@517cd4b, org.springframework.test.context.support.DirtiesContextTestExecutionListener@6cc7b4de, org.springframework.test.context.transaction.TransactionalTestExecutionListener@32cf48b7, org.springframework.test.context.jdbc.SqlScriptsTestExecutionListener@679b62af]
[INFO ] 2018-06-18 17:15:54 [main] o.s.b.f.xml.XmlBeanDefinitionReader - Loading XML bean definitions from class path resource [ApplicationContext.xml]
[INFO ] 2018-06-18 17:15:54 [main] o.s.c.s.GenericApplicationContext - Refreshing org.springframework.context.support.GenericApplicationContext@491666ad: startup date [Mon Jun 18 17:15:55 CST 2018]; root of context hierarchy
[INFO ] 2018-06-18 17:15:54 [main] c.alibaba.druid.pool.DruidDataSource - {dataSource-1} inited
[INFO ] 2018-06-18 17:15:54 [Thread-1] o.s.c.s.GenericApplicationContext - Closing org.springframework.context.support.GenericApplicationContext@491666ad: startup date [Mon Jun 18 17:15:55 CST 2018]; root of context hierarchy
[INFO ] 2018-06-18 17:15:54 [Thread-1] c.alibaba.druid.pool.DruidDataSource - {dataSource-1} closed
[INFO ] 2018-06-18 17:17:08 [main] o.s.t.c.s.DefaultTestContextBootstrapper - Loaded default TestExecutionListener class names from location [META-INF/spring.factories]: [org.springframework.test.context.web.ServletTestExecutionListener, org.springframework.test.context.support.DirtiesContextBeforeModesTestExecutionListener, org.springframework.test.context.support.DependencyInjectionTestExecutionListener, org.springframework.test.context.support.DirtiesContextTestExecutionListener, org.springframework.test.context.transaction.TransactionalTestExecutionListener, org.springframework.test.context.jdbc.SqlScriptsTestExecutionListener]
[INFO ] 2018-06-18 17:17:08 [main] o.s.t.c.s.DefaultTestContextBootstrapper - Using TestExecutionListeners: [org.springframework.test.context.web.ServletTestExecutionListener@1ee807c6, org.springframework.test.context.support.DirtiesContextBeforeModesTestExecutionListener@76a4d6c, org.springframework.test.context.support.DependencyInjectionTestExecutionListener@517cd4b, org.springframework.test.context.support.DirtiesContextTestExecutionListener@6cc7b4de, org.springframework.test.context.transaction.TransactionalTestExecutionListener@32cf48b7, org.springframework.test.context.jdbc.SqlScriptsTestExecutionListener@679b62af]
[INFO ] 2018-06-18 17:17:08 [main] o.s.b.f.xml.XmlBeanDefinitionReader - Loading XML bean definitions from class path resource [ApplicationContext.xml]
[INFO ] 2018-06-18 17:17:08 [main] o.s.c.s.GenericApplicationContext - Refreshing org.springframework.context.support.GenericApplicationContext@491666ad: startup date [Mon Jun 18 17:17:09 CST 2018]; root of context hierarchy
[INFO ] 2018-06-18 17:17:08 [main] c.alibaba.druid.pool.DruidDataSource - {dataSource-1} inited
[INFO ] 2018-06-18 17:17:08 [Thread-1] o.s.c.s.GenericApplicationContext - Closing org.springframework.context.support.GenericApplicationContext@491666ad: startup date [Mon Jun 18 17:17:09 CST 2018]; root of context hierarchy
[INFO ] 2018-06-18 17:17:08 [Thread-1] c.alibaba.druid.pool.DruidDataSource - {dataSource-1} closed
[INFO ] 2018-06-18 17:20:02 [main] o.s.t.c.s.DefaultTestContextBootstrapper - Loaded default TestExecutionListener class names from location [META-INF/spring.factories]: [org.springframework.test.context.web.ServletTestExecutionListener, org.springframework.test.context.support.DirtiesContextBeforeModesTestExecutionListener, org.springframework.test.context.support.DependencyInjectionTestExecutionListener, org.springframework.test.context.support.DirtiesContextTestExecutionListener, org.springframework.test.context.transaction.TransactionalTestExecutionListener, org.springframework.test.context.jdbc.SqlScriptsTestExecutionListener]
[INFO ] 2018-06-18 17:20:02 [main] o.s.t.c.s.DefaultTestContextBootstrapper - Using TestExecutionListeners: [org.springframework.test.context.web.ServletTestExecutionListener@1ee807c6, org.springframework.test.context.support.DirtiesContextBeforeModesTestExecutionListener@76a4d6c, org.springframework.test.context.support.DependencyInjectionTestExecutionListener@517cd4b, org.springframework.test.context.support.DirtiesContextTestExecutionListener@6cc7b4de, org.springframework.test.context.transaction.TransactionalTestExecutionListener@32cf48b7, org.springframework.test.context.jdbc.SqlScriptsTestExecutionListener@679b62af]
[INFO ] 2018-06-18 17:20:02 [main] o.s.b.f.xml.XmlBeanDefinitionReader - Loading XML bean definitions from class path resource [ApplicationContext.xml]
[INFO ] 2018-06-18 17:20:02 [main] o.s.c.s.GenericApplicationContext - Refreshing org.springframework.context.support.GenericApplicationContext@491666ad: startup date [Mon Jun 18 17:20:03 CST 2018]; root of context hierarchy
[INFO ] 2018-06-18 17:20:02 [main] c.alibaba.druid.pool.DruidDataSource - {dataSource-1} inited
[INFO ] 2018-06-18 17:20:02 [Thread-1] o.s.c.s.GenericApplicationContext - Closing org.springframework.context.support.GenericApplicationContext@491666ad: startup date [Mon Jun 18 17:20:03 CST 2018]; root of context hierarchy
[INFO ] 2018-06-18 17:20:02 [Thread-1] c.alibaba.druid.pool.DruidDataSource - {dataSource-1} closed
